0 info it worked if it ends with ok
1 verbose cli [ '/usr/bin/node', '/usr/bin/npm', 'publish', '.', '--force' ]
2 info using npm@1.3.24
3 info using node@v0.10.25
4 verbose node symlink /usr/bin/node
5 warn using --force I sure hope you know what you are doing.
6 verbose publish [ '.' ]
7 verbose cache add [ '.', null ]
8 verbose cache add name=undefined spec="." args=[".",null]
9 verbose parsed url { protocol: null,
9 verbose parsed url   slashes: null,
9 verbose parsed url   auth: null,
9 verbose parsed url   host: null,
9 verbose parsed url   port: null,
9 verbose parsed url   hostname: null,
9 verbose parsed url   hash: null,
9 verbose parsed url   search: null,
9 verbose parsed url   query: null,
9 verbose parsed url   pathname: '.',
9 verbose parsed url   path: '.',
9 verbose parsed url   href: '.' }
10 silly lockFile 3a52ce78- .
11 verbose lock . /home/rohit/.npm/3a52ce78-.lock
12 verbose tar pack [ '/home/rohit/tmp/npm-22685-OCouKUtq/1393395874574-0.7389033464714885/tmp.tgz',
12 verbose tar pack   '.' ]
13 verbose tarball /home/rohit/tmp/npm-22685-OCouKUtq/1393395874574-0.7389033464714885/tmp.tgz
14 verbose folder .
15 info prepublish karma-benchmarkjasmine@0.0.1
16 silly lockFile 1f1177db-tar tar://.
17 verbose lock tar://. /home/rohit/.npm/1f1177db-tar.lock
18 silly lockFile 269afc09-74574-0-7389033464714885-tmp-tgz tar:///home/rohit/tmp/npm-22685-OCouKUtq/1393395874574-0.7389033464714885/tmp.tgz
19 verbose lock tar:///home/rohit/tmp/npm-22685-OCouKUtq/1393395874574-0.7389033464714885/tmp.tgz /home/rohit/.npm/269afc09-74574-0-7389033464714885-tmp-tgz.lock
20 silly lockFile 1f1177db-tar tar://.
21 silly lockFile 1f1177db-tar tar://.
22 silly lockFile 269afc09-74574-0-7389033464714885-tmp-tgz tar:///home/rohit/tmp/npm-22685-OCouKUtq/1393395874574-0.7389033464714885/tmp.tgz
23 silly lockFile 269afc09-74574-0-7389033464714885-tmp-tgz tar:///home/rohit/tmp/npm-22685-OCouKUtq/1393395874574-0.7389033464714885/tmp.tgz
24 verbose tar unpack /home/rohit/tmp/npm-22685-OCouKUtq/1393395874574-0.7389033464714885/tmp.tgz
25 silly lockFile 07f0ac28-74574-0-7389033464714885-package tar:///home/rohit/tmp/npm-22685-OCouKUtq/1393395874574-0.7389033464714885/package
26 verbose lock tar:///home/rohit/tmp/npm-22685-OCouKUtq/1393395874574-0.7389033464714885/package /home/rohit/.npm/07f0ac28-74574-0-7389033464714885-package.lock
27 silly lockFile 269afc09-74574-0-7389033464714885-tmp-tgz tar:///home/rohit/tmp/npm-22685-OCouKUtq/1393395874574-0.7389033464714885/tmp.tgz
28 verbose lock tar:///home/rohit/tmp/npm-22685-OCouKUtq/1393395874574-0.7389033464714885/tmp.tgz /home/rohit/.npm/269afc09-74574-0-7389033464714885-tmp-tgz.lock
29 silly gunzTarPerm modes [ '755', '644' ]
30 silly gunzTarPerm extractEntry package.json
31 silly gunzTarPerm extractEntry README.md
32 silly gunzTarPerm extractEntry LICENSE
33 silly gunzTarPerm extractEntry lib/boot.js
34 silly gunzTarPerm extractEntry lib/index.js
35 silly gunzTarPerm extractEntry lib/jasmine.js
36 silly lockFile 07f0ac28-74574-0-7389033464714885-package tar:///home/rohit/tmp/npm-22685-OCouKUtq/1393395874574-0.7389033464714885/package
37 silly lockFile 07f0ac28-74574-0-7389033464714885-package tar:///home/rohit/tmp/npm-22685-OCouKUtq/1393395874574-0.7389033464714885/package
38 silly lockFile 269afc09-74574-0-7389033464714885-tmp-tgz tar:///home/rohit/tmp/npm-22685-OCouKUtq/1393395874574-0.7389033464714885/tmp.tgz
39 silly lockFile 269afc09-74574-0-7389033464714885-tmp-tgz tar:///home/rohit/tmp/npm-22685-OCouKUtq/1393395874574-0.7389033464714885/tmp.tgz
40 verbose tar pack [ '/home/rohit/.npm/karma-benchmarkjasmine/0.0.1/package.tgz',
40 verbose tar pack   '/home/rohit/tmp/npm-22685-OCouKUtq/1393395874574-0.7389033464714885/package' ]
41 verbose tarball /home/rohit/.npm/karma-benchmarkjasmine/0.0.1/package.tgz
42 verbose folder /home/rohit/tmp/npm-22685-OCouKUtq/1393395874574-0.7389033464714885/package
43 silly lockFile 07f0ac28-74574-0-7389033464714885-package tar:///home/rohit/tmp/npm-22685-OCouKUtq/1393395874574-0.7389033464714885/package
44 verbose lock tar:///home/rohit/tmp/npm-22685-OCouKUtq/1393395874574-0.7389033464714885/package /home/rohit/.npm/07f0ac28-74574-0-7389033464714885-package.lock
45 silly lockFile 6ca70afd-nchmarkjasmine-0-0-1-package-tgz tar:///home/rohit/.npm/karma-benchmarkjasmine/0.0.1/package.tgz
46 verbose lock tar:///home/rohit/.npm/karma-benchmarkjasmine/0.0.1/package.tgz /home/rohit/.npm/6ca70afd-nchmarkjasmine-0-0-1-package-tgz.lock
47 silly lockFile 07f0ac28-74574-0-7389033464714885-package tar:///home/rohit/tmp/npm-22685-OCouKUtq/1393395874574-0.7389033464714885/package
48 silly lockFile 07f0ac28-74574-0-7389033464714885-package tar:///home/rohit/tmp/npm-22685-OCouKUtq/1393395874574-0.7389033464714885/package
49 silly lockFile 6ca70afd-nchmarkjasmine-0-0-1-package-tgz tar:///home/rohit/.npm/karma-benchmarkjasmine/0.0.1/package.tgz
50 silly lockFile 6ca70afd-nchmarkjasmine-0-0-1-package-tgz tar:///home/rohit/.npm/karma-benchmarkjasmine/0.0.1/package.tgz
51 silly lockFile 3d059d1d-a-benchmarkjasmine-0-0-1-package /home/rohit/.npm/karma-benchmarkjasmine/0.0.1/package
52 verbose lock /home/rohit/.npm/karma-benchmarkjasmine/0.0.1/package /home/rohit/.npm/3d059d1d-a-benchmarkjasmine-0-0-1-package.lock
53 silly lockFile 3d059d1d-a-benchmarkjasmine-0-0-1-package /home/rohit/.npm/karma-benchmarkjasmine/0.0.1/package
54 silly lockFile 3d059d1d-a-benchmarkjasmine-0-0-1-package /home/rohit/.npm/karma-benchmarkjasmine/0.0.1/package
55 verbose tar unpack /home/rohit/.npm/karma-benchmarkjasmine/0.0.1/package.tgz
56 silly lockFile 336ec3ed-a-benchmarkjasmine-0-0-1-package tar:///home/rohit/.npm/karma-benchmarkjasmine/0.0.1/package
57 verbose lock tar:///home/rohit/.npm/karma-benchmarkjasmine/0.0.1/package /home/rohit/.npm/336ec3ed-a-benchmarkjasmine-0-0-1-package.lock
58 silly lockFile 6ca70afd-nchmarkjasmine-0-0-1-package-tgz tar:///home/rohit/.npm/karma-benchmarkjasmine/0.0.1/package.tgz
59 verbose lock tar:///home/rohit/.npm/karma-benchmarkjasmine/0.0.1/package.tgz /home/rohit/.npm/6ca70afd-nchmarkjasmine-0-0-1-package-tgz.lock
60 silly gunzTarPerm modes [ '755', '644' ]
61 silly gunzTarPerm extractEntry package.json
62 silly gunzTarPerm extractEntry README.md
63 silly gunzTarPerm extractEntry LICENSE
64 silly gunzTarPerm extractEntry lib/boot.js
65 silly gunzTarPerm extractEntry lib/index.js
66 silly gunzTarPerm extractEntry lib/jasmine.js
67 silly lockFile 336ec3ed-a-benchmarkjasmine-0-0-1-package tar:///home/rohit/.npm/karma-benchmarkjasmine/0.0.1/package
68 silly lockFile 336ec3ed-a-benchmarkjasmine-0-0-1-package tar:///home/rohit/.npm/karma-benchmarkjasmine/0.0.1/package
69 silly lockFile 6ca70afd-nchmarkjasmine-0-0-1-package-tgz tar:///home/rohit/.npm/karma-benchmarkjasmine/0.0.1/package.tgz
70 silly lockFile 6ca70afd-nchmarkjasmine-0-0-1-package-tgz tar:///home/rohit/.npm/karma-benchmarkjasmine/0.0.1/package.tgz
71 verbose chmod /home/rohit/.npm/karma-benchmarkjasmine/0.0.1/package.tgz 644
72 verbose chown /home/rohit/.npm/karma-benchmarkjasmine/0.0.1/package.tgz [ 1000, 1000 ]
73 silly lockFile 3a52ce78- .
74 silly lockFile 3a52ce78- .
75 silly publish { name: 'karma-benchmarkjasmine',
75 silly publish   version: '0.0.1',
75 silly publish   description: 'A Karma plugin - adapter for Jasmine based benchmarking tool.This repository is forked from karma-jasmine',
75 silly publish   main: 'lib/index.js',
75 silly publish   scripts: { test: 'grunt test' },
75 silly publish   repository:
75 silly publish    { type: 'git',
75 silly publish      url: 'git://github.com/karma-runner/karma-jasmine.git' },
75 silly publish   keywords: [ 'karma-plugin', 'karma-adapter', 'jasmine' ],
75 silly publish   author: { name: 'Rohit Boggarapu', email: 'rohit.b@fusioncharts.com' },
75 silly publish   dependencies: {},
75 silly publish   devDependencies:
75 silly publish    { grunt: '~0.4.1',
75 silly publish      'grunt-contrib-jshint': '~0.6',
75 silly publish      karma: '~0.9',
75 silly publish      'karma-jasmine': '*',
75 silly publish      'grunt-karma': '~0.4',
75 silly publish      'grunt-auto-release': '~0.0.2',
75 silly publish      'grunt-npm': '~0.0.2',
75 silly publish      'grunt-bump': '~0.0.7' },
75 silly publish   peerDependencies: { karma: '>=0.9' },
75 silly publish   license: 'MIT',
75 silly publish   readme: '# karma-jasmine [![Build Status](https://travis-ci.org/karma-runner/karma-jasmine.png?branch=master)](https://travis-ci.org/karma-runner/karma-jasmine)\n\n> Adapter for the [Jasmine](http://pivotal.github.io/jasmine/) testing framework.\n\n\n## Installation\n\n### Jasmine 1.3 ([docs](http://pivotal.github.io/jasmine/))\n\nThe easiest way is to keep `karma-jasmine` as a devDependency in your `package.json`.\n\n```json\n{\n  "devDependencies": {\n    "karma": "~0.10",\n    "karma-jasmine": "~0.1.0"\n  }\n}\n```\n\nYou can simple do it by:\n```bash\nnpm install karma-jasmine --save-dev\n```\n\n\n### Jasmine 2.0 ([docs](http://jasmine.github.io/2.0/introduction.html))\n\nThe easiest way is to keep `karma-jasmine` as a devDependency in your `package.json`.\n```json\n{\n  "devDependencies": {\n    "karma": "~0.10",\n    "karma-jasmine": "~0.2.0"\n  }\n}\n```\n\nYou can simple do it by:\n```bash\nnpm install karma-jasmine@2_0 --save-dev\n```\n\n\n## Configuration\n```js\n// karma.conf.js\nmodule.exports = function(config) {\n  config.set({\n    frameworks: [\'jasmine\'],\n\n    files: [\n      \'*.js\'\n    ]\n  });\n};\n```\n\n----\n\nFor more information on Karma see the [homepage].\n\n\n[homepage]: http://karma-runner.github.com\n',
75 silly publish   readmeFilename: 'README.md',
75 silly publish   bugs: { url: 'https://github.com/karma-runner/karma-jasmine/issues' },
75 silly publish   homepage: 'https://github.com/karma-runner/karma-jasmine',
75 silly publish   _id: 'karma-benchmarkjasmine@0.0.1',
75 silly publish   dist: { shasum: 'a89c31c6779320d3c9fbff19f9703854b81e23a2' },
75 silly publish   _from: '.' }
76 verbose url raw karma-benchmarkjasmine
77 verbose url resolving [ 'https://registry.npmjs.org/', './karma-benchmarkjasmine' ]
78 verbose url resolved https://registry.npmjs.org/karma-benchmarkjasmine
79 info trying registry request attempt 1 at 11:54:34
80 http PUT https://registry.npmjs.org/karma-benchmarkjasmine
81 http 403 https://registry.npmjs.org/karma-benchmarkjasmine
82 info trying registry request attempt 1 at 11:54:38
83 http PUT https://registry.npmjs.org/karma-benchmarkjasmine
84 http 403 https://registry.npmjs.org/karma-benchmarkjasmine
85 error publish Failed PUT 403
86 error Error: forbidden cannot modify pre-existing version: 0.0.1
86 error old={"name":"karma-benchmarkjasmine","version":"0.0.1","description":"A Karma plugin - adapter for Jasmine testing framework integrated with benchamrkjs.Forked from karma-jasmine","main":"lib/index.js","scripts":{"test":"grunt test"},"repository":{"type":"git","url":"git://github.com/rohitb4/karma-jasmine.git"},"keywords":["karma-plugin","karma-adapter","jasmine"],"author":{"name":"Rohit Boggarapu","email":"rohit.b@fusioncharts.com"},"dependencies":{},"devDependencies":{"grunt":"~0.4.1","grunt-contrib-jshint":"~0.6","karma":"~0.9","karma-jasmine":"*","grunt-karma":"~0.4","grunt-auto-release":"~0.0.2","grunt-npm":"~0.0.2","grunt-bump":"~0.0.7"},"peerDependencies":{"karma":">=0.9"},"license":"MIT","bugs":{"url":"https://github.com/rohitb4/karma-jasmine/issues"},"homepage":"https://github.com/rohitb4/karma-jasmine","_id":"karma-benchmarkjasmine@0.0.1","dist":{"shasum":"b6787677be243f5d001bd40c2f6636193520316e","tarball":"http://registry.npmjs.org/karma-benchmarkjasmine/-/karma-benchmarkjasmine-0.0.1.tgz"},"_from":"karma-benchmarkjasmine","_npmVersion":"1.3.24","_npmUser":{"name":"rohit.b","email":"rohit.b@fusioncharts.com"},"maintainers":[{"name":"rohit.b","email":"rohit.b@fusioncharts.com"}]}
86 error new={"name":"karma-benchmarkjasmine","version":"0.0.1","description":"A Karma plugin - adapter for Jasmine based benchmarking tool.This repository is forked from karma-jasmine","main":"lib/index.js","scripts":{"test":"grunt test"},"repository":{"type":"git","url":"git://github.com/karma-runner/karma-jasmine.git"},"keywords":["karma-plugin","karma-adapter","jasmine"],"author":{"name":"Rohit Boggarapu","email":"rohit.b@fusioncharts.com"},"dependencies":{},"devDependencies":{"grunt":"~0.4.1","grunt-contrib-jshint":"~0.6","karma":"~0.9","karma-jasmine":"*","grunt-karma":"~0.4","grunt-auto-release":"~0.0.2","grunt-npm":"~0.0.2","grunt-bump":"~0.0.7"},"peerDependencies":{"karma":">=0.9"},"license":"MIT","readme":"# karma-jasmine [![Build Status](https://travis-ci.org/karma-runner/karma-jasmine.png?branch=master)](https://travis-ci.org/karma-runner/karma-jasmine)\u000a\u000a> Adapter for the [Jasmine](http://pivotal.github.io/jasmine/) testing framework.\u000a\u000a\u000a## Installation\u000a\u000a### Jasmine 1.3 ([docs](http://pivotal.github.io/jasmine/))\u000a\u000aThe easiest way is to keep `karma-jasmine` as a devDependency in your `package.json`.\u000a\u000a```json\u000a{\u000a  \"devDependencies\": {\u000a    \"karma\": \"~0.10\",\u000a    \"karma-jasmine\": \"~0.1.0\"\u000a  }\u000a}\u000a```\u000a\u000aYou can simple do it by:\u000a```bash\u000anpm install karma-jasmine --save-dev\u000a```\u000a\u000a\u000a### Jasmine 2.0 ([docs](http://jasmine.github.io/2.0/introduction.html))\u000a\u000aThe easiest way is to keep `karma-jasmine` as a devDependency in your `package.json`.\u000a```json\u000a{\u000a  \"devDependencies\": {\u000a    \"karma\": \"~0.10\",\u000a    \"karma-jasmine\": \"~0.2.0\"\u000a  }\u000a}\u000a```\u000a\u000aYou can simple do it by:\u000a```bash\u000anpm install karma-jasmine@2_0 --save-dev\u000a```\u000a\u000a\u000a## Configuration\u000a```js\u000a// karma.conf.js\u000amodule.exports = function(config) {\u000a  config.set({\u000a    frameworks: ['jasmine'],\u000a\u000a    files: [\u000a      '*.js'\u000a    ]\u000a  });\u000a};\u000a```\u000a\u000a----\u000a\u000aFor more information on Karma see the [homepage].\u000a\u000a\u000a[homepage]: http://karma-runner.github.com\u000a","readmeFilename":"README.md","bugs":{"url":"https://github.com/karma-runner/karma-jasmine/issues"},"homepage":"https://github.com/karma-runner/karma-jasmine","_id":"karma-benchmarkjasmine@0.0.1","dist":{"shasum":"a89c31c6779320d3c9fbff19f9703854b81e23a2","tarball":"http://registry.npmjs.org/karma-benchmarkjasmine/-/karma-benchmarkjasmine-0.0.1.tgz"},"_from":".","_npmVersion":"1.3.24","_npmUser":{"name":"rohit.b","email":"rohit.b@fusioncharts.com"},"maintainers":[{"name":"rohit.b","email":"rohit.b@fusioncharts.com"}]}: karma-benchmarkjasmine
86 error     at RegClient.<anonymous> (/usr/lib/node_modules/npm/node_modules/npm-registry-client/lib/request.js:275:14)
86 error     at Request.self.callback (/usr/lib/node_modules/npm/node_modules/request/request.js:123:22)
86 error     at Request.EventEmitter.emit (events.js:98:17)
86 error     at Request.<anonymous> (/usr/lib/node_modules/npm/node_modules/request/request.js:893:14)
86 error     at Request.EventEmitter.emit (events.js:117:20)
86 error     at IncomingMessage.<anonymous> (/usr/lib/node_modules/npm/node_modules/request/request.js:844:12)
86 error     at IncomingMessage.EventEmitter.emit (events.js:117:20)
86 error     at _stream_readable.js:920:16
86 error     at process._tickCallback (node.js:415:13)
87 error If you need help, you may report this *entire* log,
87 error including the npm and node versions, at:
87 error     <http://github.com/isaacs/npm/issues>
88 error System Linux 3.11.0-15-generic
89 error command "/usr/bin/node" "/usr/bin/npm" "publish" "." "--force"
90 error cwd /home/rohit/Documents/karma-jasmine
91 error node -v v0.10.25
92 error npm -v 1.3.24
93 verbose exit [ 1, true ]
